2025-07-30T11:24:24.984+09:00  INFO 9924 --- [Chapter03] [restartedMain] .e.DevToolsPropertyDefaultsPostProcessor : Devtools property defaults active! Set 'spring.devtools.add-properties' to 'false' to disable
2025-07-30T11:24:24.985+09:00  INFO 9924 --- [Chapter03] [restartedMain] .e.DevToolsPropertyDefaultsPostProcessor : For additional web related logging consider setting the 'logging.level.web' property to 'DEBUG'
2025-07-30T11:24:25.571+09:00  INFO 9924 --- [Chapter03] [restartedMain] o.s.b.d.a.OptionalLiveReloadServer       : LiveReload server is running on port 35729
2025-07-30T11:24:25.587+09:00  WARN 9924 --- [Chapter03] [restartedMain] com.rubypaper.service.LoggingService     : --------warn 레벨 로그
2025-07-30T11:24:25.588+09:00 ERROR 9924 --- [Chapter03] [restartedMain] com.rubypaper.service.LoggingService     : --------error 레벨 로그
2025-07-30T11:24:25.593+09:00  INFO 9924 --- [Chapter03] [SpringApplicationShutdownHook] com.zaxxer.hikari.HikariDataSource       : HikariPool-1 - Starting...
2025-07-30T11:24:25.647+09:00  INFO 9924 --- [Chapter03] [SpringApplicationShutdownHook] com.zaxxer.hikari.pool.HikariPool        : HikariPool-1 - Added connection conn0: url=jdbc:h2:tcp://localhost/~/test user=SA
2025-07-30T11:24:25.648+09:00  INFO 9924 --- [Chapter03] [SpringApplicationShutdownHook] com.zaxxer.hikari.HikariDataSource       : HikariPool-1 - Start completed.
2025-07-30T11:24:25.670+09:00  WARN 9924 --- [Chapter03] [SpringApplicationShutdownHook] o.s.b.f.support.DisposableBeanAdapter    : Invocation of destroy method failed on bean with name 'inMemoryDatabaseShutdownExecutor': org.h2.jdbc.JdbcSQLNonTransientConnectionException: Database is already closed (to disable automatic closing at VM shutdown, add ";DB_CLOSE_ON_EXIT=FALSE" to the db URL) [90121-232]
2025-07-30T11:24:25.671+09:00  INFO 9924 --- [Chapter03] [SpringApplicationShutdownHook] com.zaxxer.hikari.HikariDataSource       : HikariPool-1 - Shutdown initiated...
2025-07-30T11:24:25.673+09:00  INFO 9924 --- [Chapter03] [SpringApplicationShutdownHook] com.zaxxer.hikari.HikariDataSource       : HikariPool-1 - Shutdown completed.
2025-07-30T11:27:24.087+09:00  INFO 10592 --- [Chapter03] [restartedMain] .e.DevToolsPropertyDefaultsPostProcessor : Devtools property defaults active! Set 'spring.devtools.add-properties' to 'false' to disable
2025-07-30T11:27:24.089+09:00  INFO 10592 --- [Chapter03] [restartedMain] .e.DevToolsPropertyDefaultsPostProcessor : For additional web related logging consider setting the 'logging.level.web' property to 'DEBUG'
2025-07-30T11:27:24.699+09:00  INFO 10592 --- [Chapter03] [restartedMain] o.s.b.d.a.OptionalLiveReloadServer       : LiveReload server is running on port 35729
2025-07-30T11:27:24.715+09:00  WARN 10592 --- [Chapter03] [restartedMain] com.rubypaper.service.LoggingService     : --------warn 레벨 로그
2025-07-30T11:27:24.715+09:00 ERROR 10592 --- [Chapter03] [restartedMain] com.rubypaper.service.LoggingService     : --------error 레벨 로그
2025-07-30T11:27:24.720+09:00  INFO 10592 --- [Chapter03] [SpringApplicationShutdownHook] com.zaxxer.hikari.HikariDataSource       : HikariPool-1 - Starting...
2025-07-30T11:27:24.773+09:00  INFO 10592 --- [Chapter03] [SpringApplicationShutdownHook] com.zaxxer.hikari.pool.HikariPool        : HikariPool-1 - Added connection conn0: url=jdbc:h2:tcp://localhost/~/test user=SA
2025-07-30T11:27:24.774+09:00  INFO 10592 --- [Chapter03] [SpringApplicationShutdownHook] com.zaxxer.hikari.HikariDataSource       : HikariPool-1 - Start completed.
2025-07-30T11:27:24.795+09:00  WARN 10592 --- [Chapter03] [SpringApplicationShutdownHook] o.s.b.f.support.DisposableBeanAdapter    : Invocation of destroy method failed on bean with name 'inMemoryDatabaseShutdownExecutor': org.h2.jdbc.JdbcSQLNonTransientConnectionException: Database is already closed (to disable automatic closing at VM shutdown, add ";DB_CLOSE_ON_EXIT=FALSE" to the db URL) [90121-232]
2025-07-30T11:27:24.797+09:00  INFO 10592 --- [Chapter03] [SpringApplicationShutdownHook] com.zaxxer.hikari.HikariDataSource       : HikariPool-1 - Shutdown initiated...
2025-07-30T11:27:24.799+09:00  INFO 10592 --- [Chapter03] [SpringApplicationShutdownHook] com.zaxxer.hikari.HikariDataSource       : HikariPool-1 - Shutdown completed.
2025-07-30T11:28:03.133+09:00  INFO 2516 --- [Chapter03] [restartedMain] .e.DevToolsPropertyDefaultsPostProcessor : Devtools property defaults active! Set 'spring.devtools.add-properties' to 'false' to disable
2025-07-30T11:28:03.134+09:00  INFO 2516 --- [Chapter03] [restartedMain] .e.DevToolsPropertyDefaultsPostProcessor : For additional web related logging consider setting the 'logging.level.web' property to 'DEBUG'
2025-07-30T11:28:03.725+09:00  INFO 2516 --- [Chapter03] [restartedMain] o.s.b.d.a.OptionalLiveReloadServer       : LiveReload server is running on port 35729
2025-07-30T11:28:03.743+09:00  WARN 2516 --- [Chapter03] [restartedMain] com.rubypaper.service.LoggingService     : --------warn 레벨 로그
2025-07-30T11:28:03.743+09:00 ERROR 2516 --- [Chapter03] [restartedMain] com.rubypaper.service.LoggingService     : --------error 레벨 로그
2025-07-30T11:28:03.748+09:00  INFO 2516 --- [Chapter03] [SpringApplicationShutdownHook] com.zaxxer.hikari.HikariDataSource       : HikariPool-1 - Starting...
2025-07-30T11:28:03.800+09:00  INFO 2516 --- [Chapter03] [SpringApplicationShutdownHook] com.zaxxer.hikari.pool.HikariPool        : HikariPool-1 - Added connection conn0: url=jdbc:h2:tcp://localhost/~/test user=SA
2025-07-30T11:28:03.802+09:00  INFO 2516 --- [Chapter03] [SpringApplicationShutdownHook] com.zaxxer.hikari.HikariDataSource       : HikariPool-1 - Start completed.
2025-07-30T11:28:03.816+09:00  WARN 2516 --- [Chapter03] [SpringApplicationShutdownHook] o.s.b.f.support.DisposableBeanAdapter    : Invocation of destroy method failed on bean with name 'inMemoryDatabaseShutdownExecutor': org.h2.jdbc.JdbcSQLNonTransientConnectionException: Database is already closed (to disable automatic closing at VM shutdown, add ";DB_CLOSE_ON_EXIT=FALSE" to the db URL) [90121-232]
2025-07-30T11:28:03.817+09:00  INFO 2516 --- [Chapter03] [SpringApplicationShutdownHook] com.zaxxer.hikari.HikariDataSource       : HikariPool-1 - Shutdown initiated...
2025-07-30T11:28:03.818+09:00  INFO 2516 --- [Chapter03] [SpringApplicationShutdownHook] com.zaxxer.hikari.HikariDataSource       : HikariPool-1 - Shutdown completed.
2025-07-30T11:28:38.067+09:00  INFO 6864 --- [Chapter03] [restartedMain] .e.DevToolsPropertyDefaultsPostProcessor : Devtools property defaults active! Set 'spring.devtools.add-properties' to 'false' to disable
2025-07-30T11:28:38.068+09:00  INFO 6864 --- [Chapter03] [restartedMain] .e.DevToolsPropertyDefaultsPostProcessor : For additional web related logging consider setting the 'logging.level.web' property to 'DEBUG'
2025-07-30T11:28:38.648+09:00  INFO 6864 --- [Chapter03] [restartedMain] o.s.b.d.a.OptionalLiveReloadServer       : LiveReload server is running on port 35729
2025-07-30T11:28:38.664+09:00  WARN 6864 --- [Chapter03] [restartedMain] com.rubypaper.service.LoggingService     : --------warn 레벨 로그
2025-07-30T11:28:38.664+09:00 ERROR 6864 --- [Chapter03] [restartedMain] com.rubypaper.service.LoggingService     : --------error 레벨 로그
2025-07-30T11:28:38.669+09:00  INFO 6864 --- [Chapter03] [SpringApplicationShutdownHook] com.zaxxer.hikari.HikariDataSource       : HikariPool-1 - Starting...
2025-07-30T11:28:38.724+09:00  INFO 6864 --- [Chapter03] [SpringApplicationShutdownHook] com.zaxxer.hikari.pool.HikariPool        : HikariPool-1 - Added connection conn0: url=jdbc:h2:tcp://localhost/~/test user=SA
2025-07-30T11:28:38.725+09:00  INFO 6864 --- [Chapter03] [SpringApplicationShutdownHook] com.zaxxer.hikari.HikariDataSource       : HikariPool-1 - Start completed.
2025-07-30T11:28:38.773+09:00  WARN 6864 --- [Chapter03] [SpringApplicationShutdownHook] o.s.b.f.support.DisposableBeanAdapter    : Invocation of destroy method failed on bean with name 'inMemoryDatabaseShutdownExecutor': org.h2.jdbc.JdbcSQLNonTransientConnectionException: Database is already closed (to disable automatic closing at VM shutdown, add ";DB_CLOSE_ON_EXIT=FALSE" to the db URL) [90121-232]
2025-07-30T11:28:38.775+09:00  INFO 6864 --- [Chapter03] [SpringApplicationShutdownHook] com.zaxxer.hikari.HikariDataSource       : HikariPool-1 - Shutdown initiated...
2025-07-30T11:28:38.777+09:00  INFO 6864 --- [Chapter03] [SpringApplicationShutdownHook] com.zaxxer.hikari.HikariDataSource       : HikariPool-1 - Shutdown completed.
2025-07-30T11:29:51.743+09:00  INFO 5448 --- [Chapter03] [restartedMain] .e.DevToolsPropertyDefaultsPostProcessor : Devtools property defaults active! Set 'spring.devtools.add-properties' to 'false' to disable
2025-07-30T11:29:51.744+09:00  INFO 5448 --- [Chapter03] [restartedMain] .e.DevToolsPropertyDefaultsPostProcessor : For additional web related logging consider setting the 'logging.level.web' property to 'DEBUG'
2025-07-30T11:29:52.324+09:00  INFO 5448 --- [Chapter03] [restartedMain] o.s.b.d.a.OptionalLiveReloadServer       : LiveReload server is running on port 35729
2025-07-30T11:29:52.339+09:00  WARN 5448 --- [Chapter03] [restartedMain] com.rubypaper.service.LoggingService     : --------warn 레벨 로그
2025-07-30T11:29:52.339+09:00 ERROR 5448 --- [Chapter03] [restartedMain] com.rubypaper.service.LoggingService     : --------error 레벨 로그
2025-07-30T11:29:52.344+09:00  INFO 5448 --- [Chapter03] [SpringApplicationShutdownHook] com.zaxxer.hikari.HikariDataSource       : HikariPool-1 - Starting...
2025-07-30T11:29:52.398+09:00  INFO 5448 --- [Chapter03] [SpringApplicationShutdownHook] com.zaxxer.hikari.pool.HikariPool        : HikariPool-1 - Added connection conn0: url=jdbc:h2:tcp://localhost/~/test user=SA
2025-07-30T11:29:52.399+09:00  INFO 5448 --- [Chapter03] [SpringApplicationShutdownHook] com.zaxxer.hikari.HikariDataSource       : HikariPool-1 - Start completed.
2025-07-30T11:29:52.421+09:00  WARN 5448 --- [Chapter03] [SpringApplicationShutdownHook] o.s.b.f.support.DisposableBeanAdapter    : Invocation of destroy method failed on bean with name 'inMemoryDatabaseShutdownExecutor': org.h2.jdbc.JdbcSQLNonTransientConnectionException: Database is already closed (to disable automatic closing at VM shutdown, add ";DB_CLOSE_ON_EXIT=FALSE" to the db URL) [90121-232]
2025-07-30T11:29:52.421+09:00  INFO 5448 --- [Chapter03] [SpringApplicationShutdownHook] com.zaxxer.hikari.HikariDataSource       : HikariPool-1 - Shutdown initiated...
2025-07-30T11:29:52.423+09:00  INFO 5448 --- [Chapter03] [SpringApplicationShutdownHook] com.zaxxer.hikari.HikariDataSource       : HikariPool-1 - Shutdown completed.
2025:07:30 11:31 INFO  [restartedMain] o.s.b.d.e.DevToolsPropertyDefaultsPostProcessor : Devtools property defaults active! Set 'spring.devtools.add-properties' to 'false' to disable 
2025:07:30 11:31 INFO  [restartedMain] o.s.b.d.e.DevToolsPropertyDefaultsPostProcessor : For additional web related logging consider setting the 'logging.level.web' property to 'DEBUG' 
2025:07:30 11:31 INFO  [restartedMain] o.s.b.d.a.OptionalLiveReloadServer : LiveReload server is running on port 35729 
2025:07:30 11:31 WARN  [restartedMain] c.rubypaper.service.LoggingService : --------warn 레벨 로그 
2025:07:30 11:31 ERROR [restartedMain] c.rubypaper.service.LoggingService : --------error 레벨 로그 
2025:07:30 11:31 INFO  [SpringApplicationShutdownHook] com.zaxxer.hikari.HikariDataSource : HikariPool-1 - Starting... 
2025:07:30 11:31 INFO  [SpringApplicationShutdownHook] com.zaxxer.hikari.pool.HikariPool : HikariPool-1 - Added connection conn0: url=jdbc:h2:tcp://localhost/~/test user=SA 
2025:07:30 11:31 INFO  [SpringApplicationShutdownHook] com.zaxxer.hikari.HikariDataSource : HikariPool-1 - Start completed. 
2025:07:30 11:31 WARN  [SpringApplicationShutdownHook] o.s.b.f.s.DisposableBeanAdapter : Invocation of destroy method failed on bean with name 'inMemoryDatabaseShutdownExecutor': org.h2.jdbc.JdbcSQLNonTransientConnectionException: Database is already closed (to disable automatic closing at VM shutdown, add ";DB_CLOSE_ON_EXIT=FALSE" to the db URL) [90121-232] 
2025:07:30 11:31 INFO  [SpringApplicationShutdownHook] com.zaxxer.hikari.HikariDataSource : HikariPool-1 - Shutdown initiated... 
2025:07:30 11:31 INFO  [SpringApplicationShutdownHook] com.zaxxer.hikari.HikariDataSource : HikariPool-1 - Shutdown completed. 
